<?xml version="1.0" encoding="UTF-8"?>
<!-- Generated by org.testng.reporters.JUnitReportReporter -->
<testsuite hostname="DESKTOP-R9U75EK" failures="0" tests="4" name="api.test.UserTests" time="5.306" errors="0" timestamp="2023-10-11T17:00:54 EEST" skipped="0">
  <testcase classname="api.test.UserTests" name="testPostUser" time="2.502"/>
  <testcase classname="api.test.UserTests" name="testGetUser" time="0.720"/>
  <testcase classname="api.test.UserTests" name="testupdateUser" time="1.377"/>
  <testcase classname="api.test.UserTests" name="testDeleteUser" time="0.707"/>
</testsuite> <!-- api.test.UserTests -->
